CRITICAL - 2022-05-02 18:09:17 --> Invalid file: /.php
#0 C:\xampp\htdocs\instituto\system\View\View.php(198): CodeIgniter\Exceptions\FrameworkException::forInvalidFile('/.php')
#1 C:\xampp\htdocs\instituto\system\Common.php(1089): CodeIgniter\View\View->render('/', Array, true)
#2 C:\xampp\htdocs\instituto\app\Controllers\Home.php(9): view('/')
#3 C:\xampp\htdocs\instituto\system\CodeIgniter.php(832): App\Controllers\Home->index()
#4 C:\xampp\htdocs\instituto\system\CodeIgniter.php(419): CodeIgniter\CodeIgniter->runController(Object(App\Controllers\Home))
#5 C:\xampp\htdocs\instituto\system\CodeIgniter.php(326): CodeIgniter\CodeIgniter->handleRequest(NULL, Object(Config\Cache), false)
#6 C:\xampp\htdocs\instituto\public\index.php(37): CodeIgniter\CodeIgniter->run()
#7 {main}
CRITICAL - 2022-05-02 18:10:57 --> Invalid file: /.php
#0 C:\xampp\htdocs\instituto\system\View\View.php(198): CodeIgniter\Exceptions\FrameworkException::forInvalidFile('/.php')
#1 C:\xampp\htdocs\instituto\system\Common.php(1089): CodeIgniter\View\View->render('/', Array, true)
#2 C:\xampp\htdocs\instituto\app\Controllers\Home.php(9): view('/')
#3 C:\xampp\htdocs\instituto\system\CodeIgniter.php(832): App\Controllers\Home->index()
#4 C:\xampp\htdocs\instituto\system\CodeIgniter.php(419): CodeIgniter\CodeIgniter->runController(Object(App\Controllers\Home))
#5 C:\xampp\htdocs\instituto\system\CodeIgniter.php(326): CodeIgniter\CodeIgniter->handleRequest(NULL, Object(Config\Cache), false)
#6 C:\xampp\htdocs\instituto\public\index.php(37): CodeIgniter\CodeIgniter->run()
#7 {main}
CRITICAL - 2022-05-02 18:10:57 --> Invalid file: /.php
#0 C:\xampp\htdocs\instituto\system\View\View.php(198): CodeIgniter\Exceptions\FrameworkException::forInvalidFile('/.php')
#1 C:\xampp\htdocs\instituto\system\Common.php(1089): CodeIgniter\View\View->render('/', Array, true)
#2 C:\xampp\htdocs\instituto\app\Controllers\Home.php(9): view('/')
#3 C:\xampp\htdocs\instituto\system\CodeIgniter.php(832): App\Controllers\Home->index()
#4 C:\xampp\htdocs\instituto\system\CodeIgniter.php(419): CodeIgniter\CodeIgniter->runController(Object(App\Controllers\Home))
#5 C:\xampp\htdocs\instituto\system\CodeIgniter.php(326): CodeIgniter\CodeIgniter->handleRequest(NULL, Object(Config\Cache), false)
#6 C:\xampp\htdocs\instituto\public\index.php(37): CodeIgniter\CodeIgniter->run()
#7 {main}
CRITICAL - 2022-05-02 18:49:41 --> Undefined variable $prestamo
#0 C:\xampp\htdocs\instituto\app\Views\plantilla.php(47): CodeIgniter\Debug\Exceptions->errorHandler(2, 'Undefined varia...', 'C:\\xampp\\htdocs...', 47)
#1 C:\xampp\htdocs\instituto\system\View\View.php(210): include('C:\\xampp\\htdocs...')
#2 C:\xampp\htdocs\instituto\system\View\View.php(213): CodeIgniter\View\View->CodeIgniter\View\{closure}()
#3 C:\xampp\htdocs\instituto\system\View\View.php(226): CodeIgniter\View\View->render('plantilla', Array, true)
#4 C:\xampp\htdocs\instituto\system\Common.php(1089): CodeIgniter\View\View->render('Carreras', Array, true)
#5 C:\xampp\htdocs\instituto\app\Controllers\Home.php(27): view('Carreras')
#6 C:\xampp\htdocs\instituto\system\CodeIgniter.php(832): App\Controllers\Home->Carreras()
#7 C:\xampp\htdocs\instituto\system\CodeIgniter.php(419): CodeIgniter\CodeIgniter->runController(Object(App\Controllers\Home))
#8 C:\xampp\htdocs\instituto\system\CodeIgniter.php(326): CodeIgniter\CodeIgniter->handleRequest(NULL, Object(Config\Cache), false)
#9 C:\xampp\htdocs\instituto\public\index.php(37): CodeIgniter\CodeIgniter->run()
#10 {main}
CRITICAL - 2022-05-02 18:55:18 --> Undefined variable $prestamo
#0 C:\xampp\htdocs\instituto\app\Views\plantilla.php(47): CodeIgniter\Debug\Exceptions->errorHandler(2, 'Undefined varia...', 'C:\\xampp\\htdocs...', 47)
#1 C:\xampp\htdocs\instituto\system\View\View.php(210): include('C:\\xampp\\htdocs...')
#2 C:\xampp\htdocs\instituto\system\View\View.php(213): CodeIgniter\View\View->CodeIgniter\View\{closure}()
#3 C:\xampp\htdocs\instituto\system\View\View.php(226): CodeIgniter\View\View->render('plantilla', Array, true)
#4 C:\xampp\htdocs\instituto\system\Common.php(1089): CodeIgniter\View\View->render('Estudiantes', Array, true)
#5 C:\xampp\htdocs\instituto\app\Controllers\Home.php(31): view('Estudiantes')
#6 C:\xampp\htdocs\instituto\system\CodeIgniter.php(832): App\Controllers\Home->Estudiantes()
#7 C:\xampp\htdocs\instituto\system\CodeIgniter.php(419): CodeIgniter\CodeIgniter->runController(Object(App\Controllers\Home))
#8 C:\xampp\htdocs\instituto\system\CodeIgniter.php(326): CodeIgniter\CodeIgniter->handleRequest(NULL, Object(Config\Cache), false)
#9 C:\xampp\htdocs\instituto\public\index.php(37): CodeIgniter\CodeIgniter->run()
#10 {main}
CRITICAL - 2022-05-02 18:55:24 --> Undefined variable $prestamo
#0 C:\xampp\htdocs\instituto\app\Views\plantilla.php(47): CodeIgniter\Debug\Exceptions->errorHandler(2, 'Undefined varia...', 'C:\\xampp\\htdocs...', 47)
#1 C:\xampp\htdocs\instituto\system\View\View.php(210): include('C:\\xampp\\htdocs...')
#2 C:\xampp\htdocs\instituto\system\View\View.php(213): CodeIgniter\View\View->CodeIgniter\View\{closure}()
#3 C:\xampp\htdocs\instituto\system\View\View.php(226): CodeIgniter\View\View->render('plantilla', Array, true)
#4 C:\xampp\htdocs\instituto\system\Common.php(1089): CodeIgniter\View\View->render('Estudiantes', Array, true)
#5 C:\xampp\htdocs\instituto\app\Controllers\Home.php(31): view('Estudiantes')
#6 C:\xampp\htdocs\instituto\system\CodeIgniter.php(832): App\Controllers\Home->Estudiantes()
#7 C:\xampp\htdocs\instituto\system\CodeIgniter.php(419): CodeIgniter\CodeIgniter->runController(Object(App\Controllers\Home))
#8 C:\xampp\htdocs\instituto\system\CodeIgniter.php(326): CodeIgniter\CodeIgniter->handleRequest(NULL, Object(Config\Cache), false)
#9 C:\xampp\htdocs\instituto\public\index.php(37): CodeIgniter\CodeIgniter->run()
#10 {main}
CRITICAL - 2022-05-02 18:55:30 --> Undefined variable $prestamo
#0 C:\xampp\htdocs\instituto\app\Views\plantilla.php(47): CodeIgniter\Debug\Exceptions->errorHandler(2, 'Undefined varia...', 'C:\\xampp\\htdocs...', 47)
#1 C:\xampp\htdocs\instituto\system\View\View.php(210): include('C:\\xampp\\htdocs...')
#2 C:\xampp\htdocs\instituto\system\View\View.php(213): CodeIgniter\View\View->CodeIgniter\View\{closure}()
#3 C:\xampp\htdocs\instituto\system\Common.php(1089): CodeIgniter\View\View->render('/plantilla', Array, true)
#4 C:\xampp\htdocs\instituto\app\Controllers\Home.php(9): view('/plantilla')
#5 C:\xampp\htdocs\instituto\system\CodeIgniter.php(832): App\Controllers\Home->index()
#6 C:\xampp\htdocs\instituto\system\CodeIgniter.php(419): CodeIgniter\CodeIgniter->runController(Object(App\Controllers\Home))
#7 C:\xampp\htdocs\instituto\system\CodeIgniter.php(326): CodeIgniter\CodeIgniter->handleRequest(NULL, Object(Config\Cache), false)
#8 C:\xampp\htdocs\instituto\public\index.php(37): CodeIgniter\CodeIgniter->run()
#9 {main}
