CRITICAL - 2022-05-13 13:13:46 --> Class "App\Models\EstudianteModel" not found
#0 C:\xampp\htdocs\instituto\system\CodeIgniter.php(832): App\Controllers\EstudianteController->editar('1')
#1 C:\xampp\htdocs\instituto\system\CodeIgniter.php(419): CodeIgniter\CodeIgniter->runController(Object(App\Controllers\EstudianteController))
#2 C:\xampp\htdocs\instituto\system\CodeIgniter.php(326): CodeIgniter\CodeIgniter->handleRequest(NULL, Object(Config\Cache), false)
#3 C:\xampp\htdocs\instituto\public\index.php(37): CodeIgniter\CodeIgniter->run()
#4 {main}
CRITICAL - 2022-05-13 13:16:02 --> Class "App\Models\EstudianteModel" not found
#0 C:\xampp\htdocs\instituto\system\CodeIgniter.php(832): App\Controllers\EstudianteController->editar('1')
#1 C:\xampp\htdocs\instituto\system\CodeIgniter.php(419): CodeIgniter\CodeIgniter->runController(Object(App\Controllers\EstudianteController))
#2 C:\xampp\htdocs\instituto\system\CodeIgniter.php(326): CodeIgniter\CodeIgniter->handleRequest(NULL, Object(Config\Cache), false)
#3 C:\xampp\htdocs\instituto\public\index.php(37): CodeIgniter\CodeIgniter->run()
#4 {main}
CRITICAL - 2022-05-13 13:16:09 --> Class "App\Models\EstudianteModel" not found
#0 C:\xampp\htdocs\instituto\system\CodeIgniter.php(832): App\Controllers\EstudianteController->editar('2')
#1 C:\xampp\htdocs\instituto\system\CodeIgniter.php(419): CodeIgniter\CodeIgniter->runController(Object(App\Controllers\EstudianteController))
#2 C:\xampp\htdocs\instituto\system\CodeIgniter.php(326): CodeIgniter\CodeIgniter->handleRequest(NULL, Object(Config\Cache), false)
#3 C:\xampp\htdocs\instituto\public\index.php(37): CodeIgniter\CodeIgniter->run()
#4 {main}
CRITICAL - 2022-05-13 13:18:25 --> Class "App\Models\EstudianteModel" not found
#0 C:\xampp\htdocs\instituto\system\CodeIgniter.php(832): App\Controllers\EstudianteController->editar('2')
#1 C:\xampp\htdocs\instituto\system\CodeIgniter.php(419): CodeIgniter\CodeIgniter->runController(Object(App\Controllers\EstudianteController))
#2 C:\xampp\htdocs\instituto\system\CodeIgniter.php(326): CodeIgniter\CodeIgniter->handleRequest(NULL, Object(Config\Cache), false)
#3 C:\xampp\htdocs\instituto\public\index.php(37): CodeIgniter\CodeIgniter->run()
#4 {main}
CRITICAL - 2022-05-13 13:18:27 --> Class "App\Models\EstudianteModel" not found
#0 C:\xampp\htdocs\instituto\system\CodeIgniter.php(832): App\Controllers\EstudianteController->editar('2')
#1 C:\xampp\htdocs\instituto\system\CodeIgniter.php(419): CodeIgniter\CodeIgniter->runController(Object(App\Controllers\EstudianteController))
#2 C:\xampp\htdocs\instituto\system\CodeIgniter.php(326): CodeIgniter\CodeIgniter->handleRequest(NULL, Object(Config\Cache), false)
#3 C:\xampp\htdocs\instituto\public\index.php(37): CodeIgniter\CodeIgniter->run()
#4 {main}
CRITICAL - 2022-05-13 13:24:04 --> Class "App\Models\EstudianteModel" not found
#0 C:\xampp\htdocs\instituto\system\CodeIgniter.php(832): App\Controllers\EstudianteController->editar('2')
#1 C:\xampp\htdocs\instituto\system\CodeIgniter.php(419): CodeIgniter\CodeIgniter->runController(Object(App\Controllers\EstudianteController))
#2 C:\xampp\htdocs\instituto\system\CodeIgniter.php(326): CodeIgniter\CodeIgniter->handleRequest(NULL, Object(Config\Cache), false)
#3 C:\xampp\htdocs\instituto\public\index.php(37): CodeIgniter\CodeIgniter->run()
#4 {main}
CRITICAL - 2022-05-13 13:24:21 --> Class "App\Models\EstudianteModel" not found
#0 C:\xampp\htdocs\instituto\system\CodeIgniter.php(832): App\Controllers\EstudianteController->editar('1')
#1 C:\xampp\htdocs\instituto\system\CodeIgniter.php(419): CodeIgniter\CodeIgniter->runController(Object(App\Controllers\EstudianteController))
#2 C:\xampp\htdocs\instituto\system\CodeIgniter.php(326): CodeIgniter\CodeIgniter->handleRequest(NULL, Object(Config\Cache), false)
#3 C:\xampp\htdocs\instituto\public\index.php(37): CodeIgniter\CodeIgniter->run()
#4 {main}
CRITICAL - 2022-05-13 13:29:29 --> Class "App\Controllers\EstudianteModel" not found
#0 C:\xampp\htdocs\instituto\system\CodeIgniter.php(832): App\Controllers\EstudianteController->editar('1')
#1 C:\xampp\htdocs\instituto\system\CodeIgniter.php(419): CodeIgniter\CodeIgniter->runController(Object(App\Controllers\EstudianteController))
#2 C:\xampp\htdocs\instituto\system\CodeIgniter.php(326): CodeIgniter\CodeIgniter->handleRequest(NULL, Object(Config\Cache), false)
#3 C:\xampp\htdocs\instituto\public\index.php(37): CodeIgniter\CodeIgniter->run()
#4 {main}
CRITICAL - 2022-05-13 13:31:44 --> Invalid file: Estudiante/editar.php
#0 C:\xampp\htdocs\instituto\system\View\View.php(198): CodeIgniter\Exceptions\FrameworkException::forInvalidFile('Estudiante/edit...')
#1 C:\xampp\htdocs\instituto\system\Common.php(1089): CodeIgniter\View\View->render('Estudiante/edit...', Array, true)
#2 C:\xampp\htdocs\instituto\app\Controllers\EstudianteController.php(42): view('Estudiante/edit...', Array)
#3 C:\xampp\htdocs\instituto\system\CodeIgniter.php(832): App\Controllers\EstudianteController->editar('2')
#4 C:\xampp\htdocs\instituto\system\CodeIgniter.php(419): CodeIgniter\CodeIgniter->runController(Object(App\Controllers\EstudianteController))
#5 C:\xampp\htdocs\instituto\system\CodeIgniter.php(326): CodeIgniter\CodeIgniter->handleRequest(NULL, Object(Config\Cache), false)
#6 C:\xampp\htdocs\instituto\public\index.php(37): CodeIgniter\CodeIgniter->run()
#7 {main}
CRITICAL - 2022-05-13 13:48:25 --> Invalid file: Estudiante/editar.php
#0 C:\xampp\htdocs\instituto\system\View\View.php(198): CodeIgniter\Exceptions\FrameworkException::forInvalidFile('Estudiante/edit...')
#1 C:\xampp\htdocs\instituto\system\Common.php(1089): CodeIgniter\View\View->render('Estudiante/edit...', Array, true)
#2 C:\xampp\htdocs\instituto\app\Controllers\EstudianteController.php(42): view('Estudiante/edit...', Array)
#3 C:\xampp\htdocs\instituto\system\CodeIgniter.php(832): App\Controllers\EstudianteController->editar('2')
#4 C:\xampp\htdocs\instituto\system\CodeIgniter.php(419): CodeIgniter\CodeIgniter->runController(Object(App\Controllers\EstudianteController))
#5 C:\xampp\htdocs\instituto\system\CodeIgniter.php(326): CodeIgniter\CodeIgniter->handleRequest(NULL, Object(Config\Cache), false)
#6 C:\xampp\htdocs\instituto\public\index.php(37): CodeIgniter\CodeIgniter->run()
#7 {main}
CRITICAL - 2022-05-13 13:49:41 --> Invalid file: Estudiante/editar.php
#0 C:\xampp\htdocs\instituto\system\View\View.php(198): CodeIgniter\Exceptions\FrameworkException::forInvalidFile('Estudiante/edit...')
#1 C:\xampp\htdocs\instituto\system\Common.php(1089): CodeIgniter\View\View->render('Estudiante/edit...', Array, true)
#2 C:\xampp\htdocs\instituto\app\Controllers\EstudianteController.php(42): view('Estudiante/edit...', Array)
#3 C:\xampp\htdocs\instituto\system\CodeIgniter.php(832): App\Controllers\EstudianteController->editar('2')
#4 C:\xampp\htdocs\instituto\system\CodeIgniter.php(419): CodeIgniter\CodeIgniter->runController(Object(App\Controllers\EstudianteController))
#5 C:\xampp\htdocs\instituto\system\CodeIgniter.php(326): CodeIgniter\CodeIgniter->handleRequest(NULL, Object(Config\Cache), false)
#6 C:\xampp\htdocs\instituto\public\index.php(37): CodeIgniter\CodeIgniter->run()
#7 {main}
CRITICAL - 2022-05-13 13:51:46 --> Invalid file: Estudiante/editar.php
#0 C:\xampp\htdocs\instituto\system\View\View.php(198): CodeIgniter\Exceptions\FrameworkException::forInvalidFile('Estudiante/edit...')
#1 C:\xampp\htdocs\instituto\system\Common.php(1089): CodeIgniter\View\View->render('Estudiante/edit...', Array, true)
#2 C:\xampp\htdocs\instituto\app\Controllers\EstudianteController.php(42): view('Estudiante/edit...', Array)
#3 C:\xampp\htdocs\instituto\system\CodeIgniter.php(832): App\Controllers\EstudianteController->editar('2')
#4 C:\xampp\htdocs\instituto\system\CodeIgniter.php(419): CodeIgniter\CodeIgniter->runController(Object(App\Controllers\EstudianteController))
#5 C:\xampp\htdocs\instituto\system\CodeIgniter.php(326): CodeIgniter\CodeIgniter->handleRequest(NULL, Object(Config\Cache), false)
#6 C:\xampp\htdocs\instituto\public\index.php(37): CodeIgniter\CodeIgniter->run()
#7 {main}
CRITICAL - 2022-05-13 14:09:04 --> Undefined property: stdClass::$nivel
#0 C:\xampp\htdocs\instituto\app\Views\Estudiantes\editar.php(26): CodeIgniter\Debug\Exceptions->errorHandler(2, 'Undefined prope...', 'C:\\xampp\\htdocs...', 26)
#1 C:\xampp\htdocs\instituto\system\View\View.php(210): include('C:\\xampp\\htdocs...')
#2 C:\xampp\htdocs\instituto\system\View\View.php(213): CodeIgniter\View\View->CodeIgniter\View\{closure}()
#3 C:\xampp\htdocs\instituto\system\Common.php(1089): CodeIgniter\View\View->render('Estudiantes/edi...', Array, true)
#4 C:\xampp\htdocs\instituto\app\Controllers\EstudianteController.php(42): view('Estudiantes/edi...', Array)
#5 C:\xampp\htdocs\instituto\system\CodeIgniter.php(832): App\Controllers\EstudianteController->editar('2')
#6 C:\xampp\htdocs\instituto\system\CodeIgniter.php(419): CodeIgniter\CodeIgniter->runController(Object(App\Controllers\EstudianteController))
#7 C:\xampp\htdocs\instituto\system\CodeIgniter.php(326): CodeIgniter\CodeIgniter->handleRequest(NULL, Object(Config\Cache), false)
#8 C:\xampp\htdocs\instituto\public\index.php(37): CodeIgniter\CodeIgniter->run()
#9 {main}
CRITICAL - 2022-05-13 14:09:19 --> Undefined property: stdClass::$nivel
#0 C:\xampp\htdocs\instituto\app\Views\Estudiantes\editar.php(26): CodeIgniter\Debug\Exceptions->errorHandler(2, 'Undefined prope...', 'C:\\xampp\\htdocs...', 26)
#1 C:\xampp\htdocs\instituto\system\View\View.php(210): include('C:\\xampp\\htdocs...')
#2 C:\xampp\htdocs\instituto\system\View\View.php(213): CodeIgniter\View\View->CodeIgniter\View\{closure}()
#3 C:\xampp\htdocs\instituto\system\Common.php(1089): CodeIgniter\View\View->render('Estudiantes/edi...', Array, true)
#4 C:\xampp\htdocs\instituto\app\Controllers\EstudianteController.php(42): view('Estudiantes/edi...', Array)
#5 C:\xampp\htdocs\instituto\system\CodeIgniter.php(832): App\Controllers\EstudianteController->editar('2')
#6 C:\xampp\htdocs\instituto\system\CodeIgniter.php(419): CodeIgniter\CodeIgniter->runController(Object(App\Controllers\EstudianteController))
#7 C:\xampp\htdocs\instituto\system\CodeIgniter.php(326): CodeIgniter\CodeIgniter->handleRequest(NULL, Object(Config\Cache), false)
#8 C:\xampp\htdocs\instituto\public\index.php(37): CodeIgniter\CodeIgniter->run()
#9 {main}
CRITICAL - 2022-05-13 14:12:13 --> Undefined variable $carreraModel
#0 C:\xampp\htdocs\instituto\app\Controllers\EstudianteController.php(50): CodeIgniter\Debug\Exceptions->errorHandler(2, 'Undefined varia...', 'C:\\xampp\\htdocs...', 50)
#1 C:\xampp\htdocs\instituto\system\CodeIgniter.php(832): App\Controllers\EstudianteController->actualizar('2')
#2 C:\xampp\htdocs\instituto\system\CodeIgniter.php(419): CodeIgniter\CodeIgniter->runController(Object(App\Controllers\EstudianteController))
#3 C:\xampp\htdocs\instituto\system\CodeIgniter.php(326): CodeIgniter\CodeIgniter->handleRequest(NULL, Object(Config\Cache), false)
#4 C:\xampp\htdocs\instituto\public\index.php(37): CodeIgniter\CodeIgniter->run()
#5 {main}
CRITICAL - 2022-05-13 14:21:55 --> Undefined variable $estado
#0 C:\xampp\htdocs\instituto\app\Controllers\EstudianteController.php(54): CodeIgniter\Debug\Exceptions->errorHandler(2, 'Undefined varia...', 'C:\\xampp\\htdocs...', 54)
#1 C:\xampp\htdocs\instituto\system\CodeIgniter.php(832): App\Controllers\EstudianteController->actualizar('2')
#2 C:\xampp\htdocs\instituto\system\CodeIgniter.php(419): CodeIgniter\CodeIgniter->runController(Object(App\Controllers\EstudianteController))
#3 C:\xampp\htdocs\instituto\system\CodeIgniter.php(326): CodeIgniter\CodeIgniter->handleRequest(NULL, Object(Config\Cache), false)
#4 C:\xampp\htdocs\instituto\public\index.php(37): CodeIgniter\CodeIgniter->run()
#5 {main}
CRITICAL - 2022-05-13 14:38:22 --> Undefined variable $Carreras
#0 C:\xampp\htdocs\instituto\app\Views\Estudiantes\editar.php(39): CodeIgniter\Debug\Exceptions->errorHandler(2, 'Undefined varia...', 'C:\\xampp\\htdocs...', 39)
#1 C:\xampp\htdocs\instituto\system\View\View.php(210): include('C:\\xampp\\htdocs...')
#2 C:\xampp\htdocs\instituto\system\View\View.php(213): CodeIgniter\View\View->CodeIgniter\View\{closure}()
#3 C:\xampp\htdocs\instituto\system\Common.php(1089): CodeIgniter\View\View->render('Estudiantes/edi...', Array, true)
#4 C:\xampp\htdocs\instituto\app\Controllers\EstudianteController.php(42): view('Estudiantes/edi...', Array)
#5 C:\xampp\htdocs\instituto\system\CodeIgniter.php(832): App\Controllers\EstudianteController->editar('2')
#6 C:\xampp\htdocs\instituto\system\CodeIgniter.php(419): CodeIgniter\CodeIgniter->runController(Object(App\Controllers\EstudianteController))
#7 C:\xampp\htdocs\instituto\system\CodeIgniter.php(326): CodeIgniter\CodeIgniter->handleRequest(NULL, Object(Config\Cache), false)
#8 C:\xampp\htdocs\instituto\public\index.php(37): CodeIgniter\CodeIgniter->run()
#9 {main}
CRITICAL - 2022-05-13 14:38:28 --> Undefined variable $Carreras
#0 C:\xampp\htdocs\instituto\app\Views\Estudiantes\editar.php(39): CodeIgniter\Debug\Exceptions->errorHandler(2, 'Undefined varia...', 'C:\\xampp\\htdocs...', 39)
#1 C:\xampp\htdocs\instituto\system\View\View.php(210): include('C:\\xampp\\htdocs...')
#2 C:\xampp\htdocs\instituto\system\View\View.php(213): CodeIgniter\View\View->CodeIgniter\View\{closure}()
#3 C:\xampp\htdocs\instituto\system\Common.php(1089): CodeIgniter\View\View->render('Estudiantes/edi...', Array, true)
#4 C:\xampp\htdocs\instituto\app\Controllers\EstudianteController.php(42): view('Estudiantes/edi...', Array)
#5 C:\xampp\htdocs\instituto\system\CodeIgniter.php(832): App\Controllers\EstudianteController->editar('2')
#6 C:\xampp\htdocs\instituto\system\CodeIgniter.php(419): CodeIgniter\CodeIgniter->runController(Object(App\Controllers\EstudianteController))
#7 C:\xampp\htdocs\instituto\system\CodeIgniter.php(326): CodeIgniter\CodeIgniter->handleRequest(NULL, Object(Config\Cache), false)
#8 C:\xampp\htdocs\instituto\public\index.php(37): CodeIgniter\CodeIgniter->run()
#9 {main}
CRITICAL - 2022-05-13 14:43:05 --> Undefined variable $Carreras
#0 C:\xampp\htdocs\instituto\app\Views\Estudiantes\editar.php(39): CodeIgniter\Debug\Exceptions->errorHandler(2, 'Undefined varia...', 'C:\\xampp\\htdocs...', 39)
#1 C:\xampp\htdocs\instituto\system\View\View.php(210): include('C:\\xampp\\htdocs...')
#2 C:\xampp\htdocs\instituto\system\View\View.php(213): CodeIgniter\View\View->CodeIgniter\View\{closure}()
#3 C:\xampp\htdocs\instituto\system\Common.php(1089): CodeIgniter\View\View->render('Estudiantes/edi...', Array, true)
#4 C:\xampp\htdocs\instituto\app\Controllers\EstudianteController.php(42): view('Estudiantes/edi...', Array)
#5 C:\xampp\htdocs\instituto\system\CodeIgniter.php(832): App\Controllers\EstudianteController->editar('2')
#6 C:\xampp\htdocs\instituto\system\CodeIgniter.php(419): CodeIgniter\CodeIgniter->runController(Object(App\Controllers\EstudianteController))
#7 C:\xampp\htdocs\instituto\system\CodeIgniter.php(326): CodeIgniter\CodeIgniter->handleRequest(NULL, Object(Config\Cache), false)
#8 C:\xampp\htdocs\instituto\public\index.php(37): CodeIgniter\CodeIgniter->run()
#9 {main}
CRITICAL - 2022-05-13 14:57:42 --> Undefined variable $Carreras
#0 C:\xampp\htdocs\instituto\app\Views\Estudiantes\editar.php(39): CodeIgniter\Debug\Exceptions->errorHandler(2, 'Undefined varia...', 'C:\\xampp\\htdocs...', 39)
#1 C:\xampp\htdocs\instituto\system\View\View.php(210): include('C:\\xampp\\htdocs...')
#2 C:\xampp\htdocs\instituto\system\View\View.php(213): CodeIgniter\View\View->CodeIgniter\View\{closure}()
#3 C:\xampp\htdocs\instituto\system\Common.php(1089): CodeIgniter\View\View->render('Estudiantes/edi...', Array, true)
#4 C:\xampp\htdocs\instituto\app\Controllers\EstudianteController.php(42): view('Estudiantes/edi...', Array)
#5 C:\xampp\htdocs\instituto\system\CodeIgniter.php(832): App\Controllers\EstudianteController->editar('2')
#6 C:\xampp\htdocs\instituto\system\CodeIgniter.php(419): CodeIgniter\CodeIgniter->runController(Object(App\Controllers\EstudianteController))
#7 C:\xampp\htdocs\instituto\system\CodeIgniter.php(326): CodeIgniter\CodeIgniter->handleRequest(NULL, Object(Config\Cache), false)
#8 C:\xampp\htdocs\instituto\public\index.php(37): CodeIgniter\CodeIgniter->run()
#9 {main}
CRITICAL - 2022-05-13 15:01:47 --> Undefined variable $Carreras
#0 C:\xampp\htdocs\instituto\app\Views\Estudiantes\editar.php(39): CodeIgniter\Debug\Exceptions->errorHandler(2, 'Undefined varia...', 'C:\\xampp\\htdocs...', 39)
#1 C:\xampp\htdocs\instituto\system\View\View.php(210): include('C:\\xampp\\htdocs...')
#2 C:\xampp\htdocs\instituto\system\View\View.php(213): CodeIgniter\View\View->CodeIgniter\View\{closure}()
#3 C:\xampp\htdocs\instituto\system\Common.php(1089): CodeIgniter\View\View->render('Estudiantes/edi...', Array, true)
#4 C:\xampp\htdocs\instituto\app\Controllers\EstudianteController.php(42): view('Estudiantes/edi...', Array)
#5 C:\xampp\htdocs\instituto\system\CodeIgniter.php(832): App\Controllers\EstudianteController->editar('2')
#6 C:\xampp\htdocs\instituto\system\CodeIgniter.php(419): CodeIgniter\CodeIgniter->runController(Object(App\Controllers\EstudianteController))
#7 C:\xampp\htdocs\instituto\system\CodeIgniter.php(326): CodeIgniter\CodeIgniter->handleRequest(NULL, Object(Config\Cache), false)
#8 C:\xampp\htdocs\instituto\public\index.php(37): CodeIgniter\CodeIgniter->run()
#9 {main}
CRITICAL - 2022-05-13 15:01:52 --> Undefined variable $Carreras
#0 C:\xampp\htdocs\instituto\app\Views\Estudiantes\editar.php(39): CodeIgniter\Debug\Exceptions->errorHandler(2, 'Undefined varia...', 'C:\\xampp\\htdocs...', 39)
#1 C:\xampp\htdocs\instituto\system\View\View.php(210): include('C:\\xampp\\htdocs...')
#2 C:\xampp\htdocs\instituto\system\View\View.php(213): CodeIgniter\View\View->CodeIgniter\View\{closure}()
#3 C:\xampp\htdocs\instituto\system\Common.php(1089): CodeIgniter\View\View->render('Estudiantes/edi...', Array, true)
#4 C:\xampp\htdocs\instituto\app\Controllers\EstudianteController.php(42): view('Estudiantes/edi...', Array)
#5 C:\xampp\htdocs\instituto\system\CodeIgniter.php(832): App\Controllers\EstudianteController->editar('2')
#6 C:\xampp\htdocs\instituto\system\CodeIgniter.php(419): CodeIgniter\CodeIgniter->runController(Object(App\Controllers\EstudianteController))
#7 C:\xampp\htdocs\instituto\system\CodeIgniter.php(326): CodeIgniter\CodeIgniter->handleRequest(NULL, Object(Config\Cache), false)
#8 C:\xampp\htdocs\instituto\public\index.php(37): CodeIgniter\CodeIgniter->run()
#9 {main}
CRITICAL - 2022-05-13 15:11:42 --> Undefined variable $Carreras
#0 C:\xampp\htdocs\instituto\app\Views\Estudiantes\editar.php(39): CodeIgniter\Debug\Exceptions->errorHandler(2, 'Undefined varia...', 'C:\\xampp\\htdocs...', 39)
#1 C:\xampp\htdocs\instituto\system\View\View.php(210): include('C:\\xampp\\htdocs...')
#2 C:\xampp\htdocs\instituto\system\View\View.php(213): CodeIgniter\View\View->CodeIgniter\View\{closure}()
#3 C:\xampp\htdocs\instituto\system\Common.php(1089): CodeIgniter\View\View->render('Estudiantes/edi...', Array, true)
#4 C:\xampp\htdocs\instituto\app\Controllers\EstudianteController.php(42): view('Estudiantes/edi...', Array)
#5 C:\xampp\htdocs\instituto\system\CodeIgniter.php(832): App\Controllers\EstudianteController->editar('2')
#6 C:\xampp\htdocs\instituto\system\CodeIgniter.php(419): CodeIgniter\CodeIgniter->runController(Object(App\Controllers\EstudianteController))
#7 C:\xampp\htdocs\instituto\system\CodeIgniter.php(326): CodeIgniter\CodeIgniter->handleRequest(NULL, Object(Config\Cache), false)
#8 C:\xampp\htdocs\instituto\public\index.php(37): CodeIgniter\CodeIgniter->run()
#9 {main}
CRITICAL - 2022-05-13 16:26:41 --> Undefined variable $carreras
#0 C:\xampp\htdocs\instituto\app\Views\Estudiantes\editar.php(39): CodeIgniter\Debug\Exceptions->errorHandler(2, 'Undefined varia...', 'C:\\xampp\\htdocs...', 39)
#1 C:\xampp\htdocs\instituto\system\View\View.php(210): include('C:\\xampp\\htdocs...')
#2 C:\xampp\htdocs\instituto\system\View\View.php(213): CodeIgniter\View\View->CodeIgniter\View\{closure}()
#3 C:\xampp\htdocs\instituto\system\Common.php(1089): CodeIgniter\View\View->render('Estudiantes/edi...', Array, true)
#4 C:\xampp\htdocs\instituto\app\Controllers\EstudianteController.php(42): view('Estudiantes/edi...', Array)
#5 C:\xampp\htdocs\instituto\system\CodeIgniter.php(832): App\Controllers\EstudianteController->editar('2')
#6 C:\xampp\htdocs\instituto\system\CodeIgniter.php(419): CodeIgniter\CodeIgniter->runController(Object(App\Controllers\EstudianteController))
#7 C:\xampp\htdocs\instituto\system\CodeIgniter.php(326): CodeIgniter\CodeIgniter->handleRequest(NULL, Object(Config\Cache), false)
#8 C:\xampp\htdocs\instituto\public\index.php(37): CodeIgniter\CodeIgniter->run()
#9 {main}
CRITICAL - 2022-05-13 16:44:26 --> Call to a member function getResult() on array
#0 C:\xampp\htdocs\instituto\system\View\View.php(210): include()
#1 C:\xampp\htdocs\instituto\system\View\View.php(213): CodeIgniter\View\View->CodeIgniter\View\{closure}()
#2 C:\xampp\htdocs\instituto\system\Common.php(1089): CodeIgniter\View\View->render('especialidad/in...', Array, true)
#3 C:\xampp\htdocs\instituto\app\Controllers\EspecialidadController.php(14): view('especialidad/in...', Array)
#4 C:\xampp\htdocs\instituto\system\CodeIgniter.php(832): App\Controllers\EspecialidadController->index()
#5 C:\xampp\htdocs\instituto\system\CodeIgniter.php(419): CodeIgniter\CodeIgniter->runController(Object(App\Controllers\EspecialidadController))
#6 C:\xampp\htdocs\instituto\system\CodeIgniter.php(326): CodeIgniter\CodeIgniter->handleRequest(NULL, Object(Config\Cache), false)
#7 C:\xampp\htdocs\instituto\public\index.php(37): CodeIgniter\CodeIgniter->run()
#8 {main}
CRITICAL - 2022-05-13 16:46:06 --> Call to a member function getResult() on array
#0 C:\xampp\htdocs\instituto\system\View\View.php(210): include()
#1 C:\xampp\htdocs\instituto\system\View\View.php(213): CodeIgniter\View\View->CodeIgniter\View\{closure}()
#2 C:\xampp\htdocs\instituto\system\Common.php(1089): CodeIgniter\View\View->render('especialidad/in...', Array, true)
#3 C:\xampp\htdocs\instituto\app\Controllers\EspecialidadController.php(14): view('especialidad/in...', Array)
#4 C:\xampp\htdocs\instituto\system\CodeIgniter.php(832): App\Controllers\EspecialidadController->index()
#5 C:\xampp\htdocs\instituto\system\CodeIgniter.php(419): CodeIgniter\CodeIgniter->runController(Object(App\Controllers\EspecialidadController))
#6 C:\xampp\htdocs\instituto\system\CodeIgniter.php(326): CodeIgniter\CodeIgniter->handleRequest(NULL, Object(Config\Cache), false)
#7 C:\xampp\htdocs\instituto\public\index.php(37): CodeIgniter\CodeIgniter->run()
#8 {main}
CRITICAL - 2022-05-13 16:46:08 --> Call to a member function getResult() on array
#0 C:\xampp\htdocs\instituto\system\View\View.php(210): include()
#1 C:\xampp\htdocs\instituto\system\View\View.php(213): CodeIgniter\View\View->CodeIgniter\View\{closure}()
#2 C:\xampp\htdocs\instituto\system\Common.php(1089): CodeIgniter\View\View->render('especialidad/in...', Array, true)
#3 C:\xampp\htdocs\instituto\app\Controllers\EspecialidadController.php(14): view('especialidad/in...', Array)
#4 C:\xampp\htdocs\instituto\system\CodeIgniter.php(832): App\Controllers\EspecialidadController->index()
#5 C:\xampp\htdocs\instituto\system\CodeIgniter.php(419): CodeIgniter\CodeIgniter->runController(Object(App\Controllers\EspecialidadController))
#6 C:\xampp\htdocs\instituto\system\CodeIgniter.php(326): CodeIgniter\CodeIgniter->handleRequest(NULL, Object(Config\Cache), false)
#7 C:\xampp\htdocs\instituto\public\index.php(37): CodeIgniter\CodeIgniter->run()
#8 {main}
CRITICAL - 2022-05-13 16:46:08 --> Call to a member function getResult() on array
#0 C:\xampp\htdocs\instituto\system\View\View.php(210): include()
#1 C:\xampp\htdocs\instituto\system\View\View.php(213): CodeIgniter\View\View->CodeIgniter\View\{closure}()
#2 C:\xampp\htdocs\instituto\system\Common.php(1089): CodeIgniter\View\View->render('especialidad/in...', Array, true)
#3 C:\xampp\htdocs\instituto\app\Controllers\EspecialidadController.php(14): view('especialidad/in...', Array)
#4 C:\xampp\htdocs\instituto\system\CodeIgniter.php(832): App\Controllers\EspecialidadController->index()
#5 C:\xampp\htdocs\instituto\system\CodeIgniter.php(419): CodeIgniter\CodeIgniter->runController(Object(App\Controllers\EspecialidadController))
#6 C:\xampp\htdocs\instituto\system\CodeIgniter.php(326): CodeIgniter\CodeIgniter->handleRequest(NULL, Object(Config\Cache), false)
#7 C:\xampp\htdocs\instituto\public\index.php(37): CodeIgniter\CodeIgniter->run()
#8 {main}
CRITICAL - 2022-05-13 16:50:24 --> Call to undefined method App\Models\EspecialidadModel::leerEstudiantes
#0 C:\xampp\htdocs\instituto\app\Controllers\Home.php(132): CodeIgniter\Model->__call('leerEstudiantes', Array)
#1 C:\xampp\htdocs\instituto\system\CodeIgniter.php(832): App\Controllers\Home->Especialidad()
#2 C:\xampp\htdocs\instituto\system\CodeIgniter.php(419): CodeIgniter\CodeIgniter->runController(Object(App\Controllers\Home))
#3 C:\xampp\htdocs\instituto\system\CodeIgniter.php(326): CodeIgniter\CodeIgniter->handleRequest(NULL, Object(Config\Cache), false)
#4 C:\xampp\htdocs\instituto\public\index.php(37): CodeIgniter\CodeIgniter->run()
#5 {main}
CRITICAL - 2022-05-13 16:50:30 --> Call to undefined method App\Models\EspecialidadModel::leerEstudiantes
#0 C:\xampp\htdocs\instituto\app\Controllers\Home.php(132): CodeIgniter\Model->__call('leerEstudiantes', Array)
#1 C:\xampp\htdocs\instituto\system\CodeIgniter.php(832): App\Controllers\Home->Especialidad()
#2 C:\xampp\htdocs\instituto\system\CodeIgniter.php(419): CodeIgniter\CodeIgniter->runController(Object(App\Controllers\Home))
#3 C:\xampp\htdocs\instituto\system\CodeIgniter.php(326): CodeIgniter\CodeIgniter->handleRequest(NULL, Object(Config\Cache), false)
#4 C:\xampp\htdocs\instituto\public\index.php(37): CodeIgniter\CodeIgniter->run()
#5 {main}
CRITICAL - 2022-05-13 16:50:54 --> Undefined variable $Estudiantes
#0 C:\xampp\htdocs\instituto\app\Views\Estudiantes\index.php(35): CodeIgniter\Debug\Exceptions->errorHandler(2, 'Undefined varia...', 'C:\\xampp\\htdocs...', 35)
#1 C:\xampp\htdocs\instituto\system\View\View.php(210): include('C:\\xampp\\htdocs...')
#2 C:\xampp\htdocs\instituto\system\View\View.php(213): CodeIgniter\View\View->CodeIgniter\View\{closure}()
#3 C:\xampp\htdocs\instituto\system\Common.php(1089): CodeIgniter\View\View->render('Estudiantes/ind...', Array, true)
#4 C:\xampp\htdocs\instituto\app\Controllers\Home.php(133): view('Estudiantes/ind...', Array)
#5 C:\xampp\htdocs\instituto\system\CodeIgniter.php(832): App\Controllers\Home->Especialidad()
#6 C:\xampp\htdocs\instituto\system\CodeIgniter.php(419): CodeIgniter\CodeIgniter->runController(Object(App\Controllers\Home))
#7 C:\xampp\htdocs\instituto\system\CodeIgniter.php(326): CodeIgniter\CodeIgniter->handleRequest(NULL, Object(Config\Cache), false)
#8 C:\xampp\htdocs\instituto\public\index.php(37): CodeIgniter\CodeIgniter->run()
#9 {main}
ERROR - 2022-05-13 17:01:11 --> You have an error in your SQL syntax; check the manual that corresponds to your MariaDB server version for the right syntax to use near 'where e.status = 1' at line 4
CRITICAL - 2022-05-13 17:01:11 --> You have an error in your SQL syntax; check the manual that corresponds to your MariaDB server version for the right syntax to use near 'where e.status = 1' at line 4
#0 C:\xampp\htdocs\instituto\system\Database\MySQLi\Connection.php(292): mysqli->query('SELECT *\r\n     ...', 0)
#1 C:\xampp\htdocs\instituto\system\Database\BaseConnection.php(670): CodeIgniter\Database\MySQLi\Connection->execute('SELECT *\r\n     ...')
#2 C:\xampp\htdocs\instituto\system\Database\BaseConnection.php(598): CodeIgniter\Database\BaseConnection->simpleQuery('SELECT *\r\n     ...')
#3 C:\xampp\htdocs\instituto\app\Models\EstudiantesModel.php(19): CodeIgniter\Database\BaseConnection->query('SELECT *\r\n     ...')
#4 C:\xampp\htdocs\instituto\app\Controllers\Home.php(31): App\Models\EstudiantesModel->leerEstudiantes()
#5 C:\xampp\htdocs\instituto\system\CodeIgniter.php(832): App\Controllers\Home->Estudiantes()
#6 C:\xampp\htdocs\instituto\system\CodeIgniter.php(419): CodeIgniter\CodeIgniter->runController(Object(App\Controllers\Home))
#7 C:\xampp\htdocs\instituto\system\CodeIgniter.php(326): CodeIgniter\CodeIgniter->handleRequest(NULL, Object(Config\Cache), false)
#8 C:\xampp\htdocs\instituto\public\index.php(37): CodeIgniter\CodeIgniter->run()
#9 {main}
CRITICAL - 2022-05-13 17:07:45 --> Cannot redeclare App\Controllers\Home::registrarEstudiante()
#0 [internal function]: CodeIgniter\Debug\Exceptions->shutdownHandler()
#1 {main}
CRITICAL - 2022-05-13 17:17:22 --> Undefined variable $estudianteModel
#0 C:\xampp\htdocs\instituto\app\Controllers\Home.php(165): CodeIgniter\Debug\Exceptions->errorHandler(2, 'Undefined varia...', 'C:\\xampp\\htdocs...', 165)
#1 C:\xampp\htdocs\instituto\system\CodeIgniter.php(832): App\Controllers\Home->registrarEspecialidad()
#2 C:\xampp\htdocs\instituto\system\CodeIgniter.php(419): CodeIgniter\CodeIgniter->runController(Object(App\Controllers\Home))
#3 C:\xampp\htdocs\instituto\system\CodeIgniter.php(326): CodeIgniter\CodeIgniter->handleRequest(NULL, Object(Config\Cache), false)
#4 C:\xampp\htdocs\instituto\public\index.php(37): CodeIgniter\CodeIgniter->run()
#5 {main}
CRITICAL - 2022-05-13 17:54:58 --> Undefined variable $Carreras
#0 C:\xampp\htdocs\instituto\app\Views\Especialidad\editar.php(30): CodeIgniter\Debug\Exceptions->errorHandler(2, 'Undefined varia...', 'C:\\xampp\\htdocs...', 30)
#1 C:\xampp\htdocs\instituto\system\View\View.php(210): include('C:\\xampp\\htdocs...')
#2 C:\xampp\htdocs\instituto\system\View\View.php(213): CodeIgniter\View\View->CodeIgniter\View\{closure}()
#3 C:\xampp\htdocs\instituto\system\Common.php(1089): CodeIgniter\View\View->render('Especialidad/ed...', Array, true)
#4 C:\xampp\htdocs\instituto\app\Controllers\EspecialidadController.php(14): view('Especialidad/ed...', Array)
#5 C:\xampp\htdocs\instituto\system\CodeIgniter.php(832): App\Controllers\EspecialidadController->editar('4')
#6 C:\xampp\htdocs\instituto\system\CodeIgniter.php(419): CodeIgniter\CodeIgniter->runController(Object(App\Controllers\EspecialidadController))
#7 C:\xampp\htdocs\instituto\system\CodeIgniter.php(326): CodeIgniter\CodeIgniter->handleRequest(NULL, Object(Config\Cache), false)
#8 C:\xampp\htdocs\instituto\public\index.php(37): CodeIgniter\CodeIgniter->run()
#9 {main}
ERROR - 2022-05-13 18:00:57 --> Unknown column 'especialidad.id' in 'where clause'
CRITICAL - 2022-05-13 18:00:57 --> Unknown column 'especialidad.id' in 'where clause'
#0 C:\xampp\htdocs\instituto\system\Database\MySQLi\Connection.php(292): mysqli->query('SELECT *\nFROM `...', 0)
#1 C:\xampp\htdocs\instituto\system\Database\BaseConnection.php(670): CodeIgniter\Database\MySQLi\Connection->execute('SELECT *\nFROM `...')
#2 C:\xampp\htdocs\instituto\system\Database\BaseConnection.php(598): CodeIgniter\Database\BaseConnection->simpleQuery('SELECT *\nFROM `...')
#3 C:\xampp\htdocs\instituto\system\Database\BaseBuilder.php(1455): CodeIgniter\Database\BaseConnection->query('SELECT *\nFROM `...', Array, false)
#4 C:\xampp\htdocs\instituto\system\Model.php(142): CodeIgniter\Database\BaseBuilder->get()
#5 C:\xampp\htdocs\instituto\system\BaseModel.php(523): CodeIgniter\Model->doFind(true, '5')
#6 C:\xampp\htdocs\instituto\app\Controllers\EspecialidadController.php(16): CodeIgniter\BaseModel->find('5')
#7 C:\xampp\htdocs\instituto\system\CodeIgniter.php(832): App\Controllers\EspecialidadController->editar('5')
#8 C:\xampp\htdocs\instituto\system\CodeIgniter.php(419): CodeIgniter\CodeIgniter->runController(Object(App\Controllers\EspecialidadController))
#9 C:\xampp\htdocs\instituto\system\CodeIgniter.php(326): CodeIgniter\CodeIgniter->handleRequest(NULL, Object(Config\Cache), false)
#10 C:\xampp\htdocs\instituto\public\index.php(37): CodeIgniter\CodeIgniter->run()
#11 {main}
ERROR - 2022-05-13 18:02:38 --> Unknown column 'especialidad.id' in 'where clause'
CRITICAL - 2022-05-13 18:02:38 --> Unknown column 'especialidad.id' in 'where clause'
#0 C:\xampp\htdocs\instituto\system\Database\MySQLi\Connection.php(292): mysqli->query('SELECT *\nFROM `...', 0)
#1 C:\xampp\htdocs\instituto\system\Database\BaseConnection.php(670): CodeIgniter\Database\MySQLi\Connection->execute('SELECT *\nFROM `...')
#2 C:\xampp\htdocs\instituto\system\Database\BaseConnection.php(598): CodeIgniter\Database\BaseConnection->simpleQuery('SELECT *\nFROM `...')
#3 C:\xampp\htdocs\instituto\system\Database\BaseBuilder.php(1455): CodeIgniter\Database\BaseConnection->query('SELECT *\nFROM `...', Array, false)
#4 C:\xampp\htdocs\instituto\system\Model.php(142): CodeIgniter\Database\BaseBuilder->get()
#5 C:\xampp\htdocs\instituto\system\BaseModel.php(523): CodeIgniter\Model->doFind(true, '5')
#6 C:\xampp\htdocs\instituto\app\Controllers\EspecialidadController.php(15): CodeIgniter\BaseModel->find('5')
#7 C:\xampp\htdocs\instituto\system\CodeIgniter.php(832): App\Controllers\EspecialidadController->editar('5')
#8 C:\xampp\htdocs\instituto\system\CodeIgniter.php(419): CodeIgniter\CodeIgniter->runController(Object(App\Controllers\EspecialidadController))
#9 C:\xampp\htdocs\instituto\system\CodeIgniter.php(326): CodeIgniter\CodeIgniter->handleRequest(NULL, Object(Config\Cache), false)
#10 C:\xampp\htdocs\instituto\public\index.php(37): CodeIgniter\CodeIgniter->run()
#11 {main}
CRITICAL - 2022-05-13 18:03:36 --> Attempt to read property "id_especialidad" on string
#0 C:\xampp\htdocs\instituto\app\Views\Especialidad\editar.php(13): CodeIgniter\Debug\Exceptions->errorHandler(2, 'Attempt to read...', 'C:\\xampp\\htdocs...', 13)
#1 C:\xampp\htdocs\instituto\system\View\View.php(210): include('C:\\xampp\\htdocs...')
#2 C:\xampp\htdocs\instituto\system\View\View.php(213): CodeIgniter\View\View->CodeIgniter\View\{closure}()
#3 C:\xampp\htdocs\instituto\system\Common.php(1089): CodeIgniter\View\View->render('Especialidad/ed...', Array, true)
#4 C:\xampp\htdocs\instituto\app\Controllers\EspecialidadController.php(16): view('Especialidad/ed...', Array)
#5 C:\xampp\htdocs\instituto\system\CodeIgniter.php(832): App\Controllers\EspecialidadController->editar('5')
#6 C:\xampp\htdocs\instituto\system\CodeIgniter.php(419): CodeIgniter\CodeIgniter->runController(Object(App\Controllers\EspecialidadController))
#7 C:\xampp\htdocs\instituto\system\CodeIgniter.php(326): CodeIgniter\CodeIgniter->handleRequest(NULL, Object(Config\Cache), false)
#8 C:\xampp\htdocs\instituto\public\index.php(37): CodeIgniter\CodeIgniter->run()
#9 {main}
